        -:    0:Source:graph.cpp
        -:    1:#include "graph.hpp"
        -:    2:
        1:    3:Graph::Graph(int vertices) : numVertices(vertices), adjList(vertices) {}
        -:    4:
        2:    5:void Graph::addEdge(int src, int dest) {
        2:    6:    adjList[src].push_back(dest);
        2:    7:    adjList[dest].push_back(src);
        2:    8:}
        -:    9:
    #####:   10:void Graph::removeEdge(int src, int dest) {
    #####:   11:    adjList[src].remove(dest);
    #####:   12:    adjList[dest].remove(src);
    #####:   13:}
        -:   14:
        6:   15:int Graph::getNumVertices() const {
        6:   16:    return numVertices;
        -:   17:}
        -:   18:
       11:   19:const std::list<int>& Graph::getAdjList(int vertex) const {
       11:   20:    return adjList[vertex];
        -:   21:}
