        -:    0:Source:euler_circuit.cpp
        -:    1:#include "euler_circuit.hpp"
        -:    2:#include <vector>
        -:    3:#include <stack>
        -:    4:#include <iostream>
        -:    5:
    #####:    6:bool isConnected(const Graph& graph) {
    #####:    7:    int vertices = graph.getNumVertices();
    #####:    8:    std::vector<bool> visited(vertices, false);
    #####:    9:    std::stack<int> stack;
        -:   10:
    #####:   11:    int startVertex = -1;
    #####:   12:    for (int i = 0; i < vertices; ++i) {
    #####:   13:        if (!graph.getAdjList(i).empty()) {
    #####:   14:            startVertex = i;
    #####:   15:            break;
        -:   16:        }
        -:   17:    }
        -:   18:
    #####:   19:    if (startVertex == -1) return true;
        -:   20:
    #####:   21:    stack.push(startVertex);
        -:   22:
    #####:   23:    while (!stack.empty()) {
    #####:   24:        int v = stack.top();
    #####:   25:        stack.pop();
        -:   26:
    #####:   27:        if (!visited[v]) {
    #####:   28:            visited[v] = true;
    #####:   29:            for (int neighbor : graph.getAdjList(v)) {
    #####:   30:                if (!visited[neighbor]) {
    #####:   31:                    stack.push(neighbor);
        -:   32:                }
        -:   33:            }
        -:   34:        }
        -:   35:    }
        -:   36:
    #####:   37:    for (int i = 0; i < vertices; ++i) {
    #####:   38:        if (!graph.getAdjList(i).empty() && !visited[i]) {
    #####:   39:            return false;
        -:   40:        }
        -:   41:    }
        -:   42:
    #####:   43:    return true;
        -:   44:}
        -:   45:
    #####:   46:bool hasEulerCircuit(const Graph& graph) {
    #####:   47:    if (!isConnected(graph)) {
    #####:   48:        return false;
        -:   49:    }
        -:   50:
    #####:   51:    for (int i = 0; i < graph.getNumVertices(); ++i) {
    #####:   52:        if (graph.getAdjList(i).size() % 2 != 0) {
    #####:   53:            return false;
        -:   54:        }
        -:   55:    }
        -:   56:
    #####:   57:    return true;
        -:   58:}
